{"D:\\gitnote\\react-tutorial-todos\\test\\istanbul\\test.js":{"path":"D:\\gitnote\\react-tutorial-todos\\test\\istanbul\\test.js","s":{"1":1,"2":1,"3":1,"4":0,"5":0},"b":{},"f":{},"fnMap":{},"statementMap":{"1":{"start":{"line":1,"column":0},"end":{"line":1,"column":31}},"2":{"start":{"line":2,"column":0},"end":{"line":2,"column":29}},"3":{"start":{"line":5,"column":0},"end":{"line":9,"column":3}},"4":{"start":{"line":6,"column":2},"end":{"line":8,"column":5}},"5":{"start":{"line":7,"column":4},"end":{"line":7,"column":33}}},"branchMap":{}},"D:\\gitnote\\react-tutorial-todos\\test\\istanbul\\index.js":{"path":"D:\\gitnote\\react-tutorial-todos\\test\\istanbul\\index.js","s":{"1":1,"2":0,"3":0,"4":0,"5":1},"b":{"1":[0,0],"2":[0,0]},"f":{"1":0},"fnMap":{"1":{"name":"add","line":2,"loc":{"start":{"line":2,"column":0},"end":{"line":2,"column":19}}}},"statementMap":{"1":{"start":{"line":2,"column":0},"end":{"line":6,"column":1}},"2":{"start":{"line":3,"column":2},"end":{"line":3,"column":13}},"3":{"start":{"line":4,"column":2},"end":{"line":4,"column":13}},"4":{"start":{"line":5,"column":2},"end":{"line":5,"column":15}},"5":{"start":{"line":10,"column":0},"end":{"line":10,"column":21}}},"branchMap":{"1":{"line":3,"type":"binary-expr","locations":[{"start":{"line":3,"column":6},"end":{"line":3,"column":7}},{"start":{"line":3,"column":11},"end":{"line":3,"column":12}}]},"2":{"line":4,"type":"binary-expr","locations":[{"start":{"line":4,"column":6},"end":{"line":4,"column":7}},{"start":{"line":4,"column":11},"end":{"line":4,"column":12}}]}}}}